[debug] [2022-03-05T09:06:57.136Z] ----------------------------------------------------------------------
[debug] [2022-03-05T09:06:57.139Z] Command:       /usr/local/bin/firebase /home/laserany/.cache/firebase/tools/lib/node_modules/firebase-tools/lib/bin/firebase deploy --only firestore:rules
[debug] [2022-03-05T09:06:57.139Z] CLI Version:   10.1.0
[debug] [2022-03-05T09:06:57.140Z] Platform:      linux
[debug] [2022-03-05T09:06:57.140Z] Node Version:  v12.18.1
[debug] [2022-03-05T09:06:57.140Z] Time:          Sat Mar 05 2022 03:06:57 GMT-0600 (Central Standard Time)
[debug] [2022-03-05T09:06:57.140Z] ----------------------------------------------------------------------
[debug] 
[debug] [2022-03-05T09:06:57.214Z] > command requires scopes: ["email","openid","https://www.googleapis.com/auth/cloudplatformprojects.readonly","https://www.googleapis.com/auth/firebase","https://www.googleapis.com/auth/cloud-platform"]
[debug] [2022-03-05T09:06:57.214Z] > authorizing via signed-in user (dotachessfan@gmail.com)
[debug] [2022-03-05T09:06:57.214Z] [iam] checking project masa7tee for permissions ["datastore.indexes.create","datastore.indexes.delete","datastore.indexes.list","datastore.indexes.update","firebase.projects.get"]
[debug] [2022-03-05T09:06:57.217Z] > refreshing access token with scopes: ["email","https://www.googleapis.com/auth/cloud-platform","https://www.googleapis.com/auth/cloudplatformprojects.readonly","https://www.googleapis.com/auth/firebase","openid"]
[debug] [2022-03-05T09:06:57.217Z] >>> HTTP REQUEST POST https://www.googleapis.com/oauth2/v3/token  
 <request body omitted>
[debug] [2022-03-05T09:06:57.467Z] <<< HTTP RESPONSE 200 {"cache-control":"no-cache, no-store, max-age=0, must-revalidate","pragma":"no-cache","date":"Sat, 05 Mar 2022 09:07:00 GMT","expires":"Mon, 01 Jan 1990 00:00:00 GMT","content-type":"application/json; charset=utf-8","vary":"X-Origin, Referer, Origin,Accept-Encoding","server":"scaffolding on HTTPServer2","x-xss-protection":"0","x-frame-options":"SAMEORIGIN","x-content-type-options":"nosniff","alt-svc":"h3=\":443\"; ma=2592000,h3-29=\":443\"; ma=2592000,h3-Q050=\":443\"; ma=2592000,h3-Q046=\":443\"; ma=2592000,h3-Q043=\":443\"; ma=2592000,quic=\":443\"; ma=2592000; v=\"46,43\"","accept-ranges":"none","transfer-encoding":"chunked"}
[debug] [2022-03-05T09:06:57.481Z] >>> HTTP REQUEST POST https://cloudresourcemanager.googleapis.com/v1/projects/masa7tee:testIamPermissions  
 {"permissions":["datastore.indexes.create","datastore.indexes.delete","datastore.indexes.list","datastore.indexes.update","firebase.projects.get"]}
[debug] [2022-03-05T09:07:29.495Z] [iam] error while checking permissions, command may fail: FirebaseError: Server Error. connect ETIMEDOUT 216.239.32.10:443
[info] 
[info] === Deploying to 'masa7tee'...
[info] 
[info] i  deploying firestore 
[info] i  cloud.firestore: checking firestore.rules for compilation errors... 
[debug] [2022-03-05T09:07:29.500Z] >>> HTTP REQUEST POST https://firebaserules.googleapis.com/v1/projects/masa7tee:test  
 {"source":{"files":[{"name":"firestore.rules","content":"rules_version = '2';\nservice cloud.firestore {\n  match /databases/{database}/documents {\n    match /persons/{personID} {\n      allow read, write: if request.resource.data.personID == request.auth.uid;\n    }\n    match /institutions/{institutionID} {\n      allow read, write: if request.resource.data.institutionID == request.auth.uid;\n    }\n    match /halls/{hallID} {\n      allow read, write: if request.resource.data.institutionID == request.auth.uid;\n    }\n  }\n}"}]}}
[debug] [2022-03-05T09:08:33.493Z] Error: connect ETIMEDOUT 216.239.32.10:443
    at TCPConnectWrap.afterConnect [as oncomplete] (net.js:1141:16)
[error] 
[error] Error: Server Error. connect ETIMEDOUT 216.239.32.10:443
